\BOOKMARK [0][-]{chapter.1}{\376\377\0001\000\040\000N\000a\000m\000e\000s\000p\000a\000c\000e\000\040\000I\000n\000d\000e\000x}{}% 1
\BOOKMARK [1][-]{section.1.1}{\376\377\0001\000.\0001\000\040\000P\000a\000c\000k\000a\000g\000e\000\040\000L\000i\000s\000t}{chapter.1}% 2
\BOOKMARK [0][-]{chapter.2}{\376\377\0002\000\040\000H\000i\000e\000r\000a\000r\000c\000h\000i\000c\000a\000l\000\040\000I\000n\000d\000e\000x}{}% 3
\BOOKMARK [1][-]{section.2.1}{\376\377\0002\000.\0001\000\040\000C\000l\000a\000s\000s\000\040\000H\000i\000e\000r\000a\000r\000c\000h\000y}{chapter.2}% 4
\BOOKMARK [0][-]{chapter.3}{\376\377\0003\000\040\000C\000l\000a\000s\000s\000\040\000I\000n\000d\000e\000x}{}% 5
\BOOKMARK [1][-]{section.3.1}{\376\377\0003\000.\0001\000\040\000C\000l\000a\000s\000s\000\040\000L\000i\000s\000t}{chapter.3}% 6
\BOOKMARK [0][-]{chapter.4}{\376\377\0004\000\040\000N\000a\000m\000e\000s\000p\000a\000c\000e\000\040\000D\000o\000c\000u\000m\000e\000n\000t\000a\000t\000i\000o\000n}{}% 7
\BOOKMARK [1][-]{section.4.1}{\376\377\0004\000.\0001\000\040\000D\000u\000n\000g\000e\000o\000n\000\040\000N\000a\000m\000e\000s\000p\000a\000c\000e\000\040\000R\000e\000f\000e\000r\000e\000n\000c\000e}{chapter.4}% 8
\BOOKMARK [1][-]{section.4.2}{\376\377\0004\000.\0002\000\040\000D\000u\000n\000g\000e\000o\000n\000.\000G\000e\000n\000e\000r\000a\000t\000o\000r\000\040\000N\000a\000m\000e\000s\000p\000a\000c\000e\000\040\000R\000e\000f\000e\000r\000e\000n\000c\000e}{chapter.4}% 9
\BOOKMARK [1][-]{section.4.3}{\376\377\0004\000.\0003\000\040\000D\000u\000n\000g\000e\000o\000n\000.\000W\000a\000l\000k\000e\000r\000\040\000N\000a\000m\000e\000s\000p\000a\000c\000e\000\040\000R\000e\000f\000e\000r\000e\000n\000c\000e}{chapter.4}% 10
\BOOKMARK [1][-]{section.4.4}{\376\377\0004\000.\0004\000\040\000m\000i\000x\000c\000h\000e\000m\000i\000s\000t\0002\000\040\000N\000a\000m\000e\000s\000p\000a\000c\000e\000\040\000R\000e\000f\000e\000r\000e\000n\000c\000e}{chapter.4}% 11
\BOOKMARK [1][-]{section.4.5}{\376\377\0004\000.\0005\000\040\000m\000i\000x\000c\000h\000e\000m\000i\000s\000t\0002\000.\000s\000p\000e\000l\000l\000\040\000N\000a\000m\000e\000s\000p\000a\000c\000e\000\040\000R\000e\000f\000e\000r\000e\000n\000c\000e}{chapter.4}% 12
\BOOKMARK [0][-]{chapter.5}{\376\377\0005\000\040\000C\000l\000a\000s\000s\000\040\000D\000o\000c\000u\000m\000e\000n\000t\000a\000t\000i\000o\000n}{}% 13
\BOOKMARK [1][-]{section.5.1}{\376\377\0005\000.\0001\000\040\000A\000b\000s\000t\000r\000a\000c\000t\000E\000n\000e\000m\000y\000\040\000C\000l\000a\000s\000s\000\040\000R\000e\000f\000e\000r\000e\000n\000c\000e}{chapter.5}% 14
\BOOKMARK [2][-]{subsection.5.1.1}{\376\377\0005\000.\0001\000.\0001\000\040\000M\000e\000m\000b\000e\000r\000\040\000F\000u\000n\000c\000t\000i\000o\000n\000\040\000D\000o\000c\000u\000m\000e\000n\000t\000a\000t\000i\000o\000n}{section.5.1}% 15
\BOOKMARK [3][-]{subsubsection.5.1.1.1}{\376\377\0005\000.\0001\000.\0001\000.\0001\000\040\000\137\000O\000n\000B\000u\000l\000l\000e\000t\000H\000i\000t\000\050\000\051}{subsection.5.1.1}% 16
\BOOKMARK [3][-]{subsubsection.5.1.1.2}{\376\377\0005\000.\0001\000.\0001\000.\0002\000\040\000S\000e\000t\000E\000l\000e\000m\000e\000n\000t\000\050\000\051}{subsection.5.1.1}% 17
\BOOKMARK [3][-]{subsubsection.5.1.1.3}{\376\377\0005\000.\0001\000.\0001\000.\0003\000\040\000T\000a\000k\000e\000D\000a\000m\000a\000g\000e\000\050\000\051}{subsection.5.1.1}% 18
\BOOKMARK [1][-]{section.5.2}{\376\377\0005\000.\0002\000\040\000C\000l\000a\000s\000s\000e\000s\000A\000n\000d\000E\000n\000u\000m\000s\000\040\000C\000l\000a\000s\000s\000\040\000R\000e\000f\000e\000r\000e\000n\000c\000e}{chapter.5}% 19
\BOOKMARK [1][-]{section.5.3}{\376\377\0005\000.\0003\000\040\000m\000i\000x\000c\000h\000e\000m\000i\000s\000t\0002\000.\000s\000p\000e\000l\000l\000.\000C\000o\000n\000c\000r\000e\000t\000e\000S\000p\000e\000l\000l\000\040\000C\000l\000a\000s\000s\000\040\000R\000e\000f\000e\000r\000e\000n\000c\000e}{chapter.5}% 20
\BOOKMARK [2][-]{subsection.5.3.1}{\376\377\0005\000.\0003\000.\0001\000\040\000M\000e\000m\000b\000e\000r\000\040\000F\000u\000n\000c\000t\000i\000o\000n\000\040\000D\000o\000c\000u\000m\000e\000n\000t\000a\000t\000i\000o\000n}{section.5.3}% 21
\BOOKMARK [3][-]{subsubsection.5.3.1.1}{\376\377\0005\000.\0003\000.\0001\000.\0001\000\040\000G\000e\000t\000D\000a\000m\000a\000g\000e\000\050\000\051}{subsection.5.3.1}% 22
\BOOKMARK [3][-]{subsubsection.5.3.1.2}{\376\377\0005\000.\0003\000.\0001\000.\0002\000\040\000G\000e\000t\000E\000l\000e\000m\000e\000n\000t\000\050\000\051}{subsection.5.3.1}% 23
\BOOKMARK [3][-]{subsubsection.5.3.1.3}{\376\377\0005\000.\0003\000.\0001\000.\0003\000\040\000G\000e\000t\000P\000o\000s\000i\000t\000i\000o\000n\000\050\000\051}{subsection.5.3.1}% 24
\BOOKMARK [3][-]{subsubsection.5.3.1.4}{\376\377\0005\000.\0003\000.\0001\000.\0004\000\040\000S\000e\000t\000E\000l\000e\000m\000e\000n\000t\000\050\000\051}{subsection.5.3.1}% 25
\BOOKMARK [1][-]{section.5.4}{\376\377\0005\000.\0004\000\040\000D\000e\000a\000t\000h\000M\000e\000n\000u\000\040\000C\000l\000a\000s\000s\000\040\000R\000e\000f\000e\000r\000e\000n\000c\000e}{chapter.5}% 26
\BOOKMARK [1][-]{section.5.5}{\376\377\0005\000.\0005\000\040\000D\000e\000v\000S\000c\000e\000n\000e\000\040\000C\000l\000a\000s\000s\000\040\000R\000e\000f\000e\000r\000e\000n\000c\000e}{chapter.5}% 27
\BOOKMARK [1][-]{section.5.6}{\376\377\0005\000.\0006\000\040\000E\000l\000e\000m\000e\000n\000t\000G\000a\000u\000g\000e\000\040\000C\000l\000a\000s\000s\000\040\000R\000e\000f\000e\000r\000e\000n\000c\000e}{chapter.5}% 28
\BOOKMARK [2][-]{subsection.5.6.1}{\376\377\0005\000.\0006\000.\0001\000\040\000M\000e\000m\000b\000e\000r\000\040\000F\000u\000n\000c\000t\000i\000o\000n\000\040\000D\000o\000c\000u\000m\000e\000n\000t\000a\000t\000i\000o\000n}{section.5.6}% 29
\BOOKMARK [3][-]{subsubsection.5.6.1.1}{\376\377\0005\000.\0006\000.\0001\000.\0001\000\040\000U\000p\000d\000a\000t\000e\000G\000a\000u\000g\000e\000\050\000\051}{subsection.5.6.1}% 30
\BOOKMARK [1][-]{section.5.7}{\376\377\0005\000.\0007\000\040\000E\000l\000e\000m\000e\000n\000t\000S\000t\000o\000r\000a\000g\000e\000\040\000C\000l\000a\000s\000s\000\040\000R\000e\000f\000e\000r\000e\000n\000c\000e}{chapter.5}% 31
\BOOKMARK [2][-]{subsection.5.7.1}{\376\377\0005\000.\0007\000.\0001\000\040\000M\000e\000m\000b\000e\000r\000\040\000F\000u\000n\000c\000t\000i\000o\000n\000\040\000D\000o\000c\000u\000m\000e\000n\000t\000a\000t\000i\000o\000n}{section.5.7}% 32
\BOOKMARK [3][-]{subsubsection.5.7.1.1}{\376\377\0005\000.\0007\000.\0001\000.\0001\000\040\000\137\000I\000n\000p\000u\000t\000\050\000\051}{subsection.5.7.1}% 33
\BOOKMARK [3][-]{subsubsection.5.7.1.2}{\376\377\0005\000.\0007\000.\0001\000.\0002\000\040\000C\000a\000s\000t\000F\000i\000r\000s\000t\000E\000l\000e\000m\000e\000n\000t\000I\000n\000S\000t\000o\000r\000a\000g\000e\000\050\000\051}{subsection.5.7.1}% 34
\BOOKMARK [3][-]{subsubsection.5.7.1.3}{\376\377\0005\000.\0007\000.\0001\000.\0003\000\040\000G\000e\000t\000F\000i\000r\000s\000t\000R\000e\000a\000l\000m\000E\000l\000e\000m\000e\000n\000t\000\050\000\051}{subsection.5.7.1}% 35
\BOOKMARK [3][-]{subsubsection.5.7.1.4}{\376\377\0005\000.\0007\000.\0001\000.\0004\000\040\000S\000t\000o\000r\000e\000S\000p\000e\000l\000l\000C\000o\000l\000o\000r\000\050\000\051}{subsection.5.7.1}% 36
\BOOKMARK [3][-]{subsubsection.5.7.1.5}{\376\377\0005\000.\0007\000.\0001\000.\0005\000\040\000T\000o\000g\000g\000l\000e\000E\000l\000e\000m\000e\000n\000t\000P\000a\000n\000e\000l\000C\000o\000l\000o\000r\000\050\000\051}{subsection.5.7.1}% 37
\BOOKMARK [1][-]{section.5.8}{\376\377\0005\000.\0008\000\040\000E\000n\000e\000m\000y\000T\000e\000x\000t\000u\000r\000e\000\040\000C\000l\000a\000s\000s\000\040\000R\000e\000f\000e\000r\000e\000n\000c\000e}{chapter.5}% 38
\BOOKMARK [2][-]{subsection.5.8.1}{\376\377\0005\000.\0008\000.\0001\000\040\000M\000e\000m\000b\000e\000r\000\040\000F\000u\000n\000c\000t\000i\000o\000n\000\040\000D\000o\000c\000u\000m\000e\000n\000t\000a\000t\000i\000o\000n}{section.5.8}% 39
\BOOKMARK [3][-]{subsubsection.5.8.1.1}{\376\377\0005\000.\0008\000.\0001\000.\0001\000\040\000S\000e\000t\000E\000n\000e\000m\000y\000T\000e\000x\000t\000u\000r\000e\000\050\000\051}{subsection.5.8.1}% 40
\BOOKMARK [1][-]{section.5.9}{\376\377\0005\000.\0009\000\040\000G\000a\000m\000e\000M\000a\000n\000a\000g\000e\000r\000\040\000C\000l\000a\000s\000s\000\040\000R\000e\000f\000e\000r\000e\000n\000c\000e}{chapter.5}% 41
\BOOKMARK [2][-]{subsection.5.9.1}{\376\377\0005\000.\0009\000.\0001\000\040\000M\000e\000m\000b\000e\000r\000\040\000F\000u\000n\000c\000t\000i\000o\000n\000\040\000D\000o\000c\000u\000m\000e\000n\000t\000a\000t\000i\000o\000n}{section.5.9}% 42
\BOOKMARK [3][-]{subsubsection.5.9.1.1}{\376\377\0005\000.\0009\000.\0001\000.\0001\000\040\000G\000e\000t\000S\000c\000o\000r\000e\000\050\000\051}{subsection.5.9.1}% 43
\BOOKMARK [3][-]{subsubsection.5.9.1.2}{\376\377\0005\000.\0009\000.\0001\000.\0002\000\040\000S\000e\000t\000S\000c\000o\000r\000e\000\050\000\051}{subsection.5.9.1}% 44
\BOOKMARK [1][-]{section.5.10}{\376\377\0005\000.\0001\0000\000\040\000H\000e\000a\000l\000t\000h\000B\000a\000r\000\040\000C\000l\000a\000s\000s\000\040\000R\000e\000f\000e\000r\000e\000n\000c\000e}{chapter.5}% 45
\BOOKMARK [2][-]{subsection.5.10.1}{\376\377\0005\000.\0001\0000\000.\0001\000\040\000M\000e\000m\000b\000e\000r\000\040\000F\000u\000n\000c\000t\000i\000o\000n\000\040\000D\000o\000c\000u\000m\000e\000n\000t\000a\000t\000i\000o\000n}{section.5.10}% 46
\BOOKMARK [3][-]{subsubsection.5.10.1.1}{\376\377\0005\000.\0001\0000\000.\0001\000.\0001\000\040\000U\000p\000d\000a\000t\000e\000H\000e\000a\000l\000t\000h\000B\000a\000r\000\050\000\051}{subsection.5.10.1}% 47
\BOOKMARK [1][-]{section.5.11}{\376\377\0005\000.\0001\0001\000\040\000H\000e\000a\000l\000t\000h\000B\000a\000r\000C\000o\000n\000t\000r\000o\000l\000\040\000C\000l\000a\000s\000s\000\040\000R\000e\000f\000e\000r\000e\000n\000c\000e}{chapter.5}% 48
\BOOKMARK [1][-]{section.5.12}{\376\377\0005\000.\0001\0002\000\040\000H\000i\000g\000h\000s\000c\000o\000r\000e\000\040\000C\000l\000a\000s\000s\000\040\000R\000e\000f\000e\000r\000e\000n\000c\000e}{chapter.5}% 49
\BOOKMARK [1][-]{section.5.13}{\376\377\0005\000.\0001\0003\000\040\000L\000e\000v\000e\000l\000C\000o\000n\000f\000i\000g\000u\000r\000a\000t\000i\000o\000n\000\040\000C\000l\000a\000s\000s\000\040\000R\000e\000f\000e\000r\000e\000n\000c\000e}{chapter.5}% 50
\BOOKMARK [1][-]{section.5.14}{\376\377\0005\000.\0001\0004\000\040\000M\000a\000i\000n\000M\000e\000n\000u\000\040\000C\000l\000a\000s\000s\000\040\000R\000e\000f\000e\000r\000e\000n\000c\000e}{chapter.5}% 51
\BOOKMARK [1][-]{section.5.15}{\376\377\0005\000.\0001\0005\000\040\000M\000u\000s\000i\000c\000M\000a\000n\000a\000g\000e\000r\000\040\000C\000l\000a\000s\000s\000\040\000R\000e\000f\000e\000r\000e\000n\000c\000e}{chapter.5}% 52
\BOOKMARK [2][-]{subsection.5.15.1}{\376\377\0005\000.\0001\0005\000.\0001\000\040\000M\000e\000m\000b\000e\000r\000\040\000F\000u\000n\000c\000t\000i\000o\000n\000\040\000D\000o\000c\000u\000m\000e\000n\000t\000a\000t\000i\000o\000n}{section.5.15}% 53
\BOOKMARK [3][-]{subsubsection.5.15.1.1}{\376\377\0005\000.\0001\0005\000.\0001\000.\0001\000\040\000\137\000R\000e\000a\000d\000y\000\050\000\051}{subsection.5.15.1}% 54
\BOOKMARK [3][-]{subsubsection.5.15.1.2}{\376\377\0005\000.\0001\0005\000.\0001\000.\0002\000\040\000C\000h\000a\000n\000g\000e\000S\000t\000r\000e\000a\000m\000\050\000\051}{subsection.5.15.1}% 55
\BOOKMARK [1][-]{section.5.16}{\376\377\0005\000.\0001\0006\000\040\000P\000a\000u\000s\000e\000M\000e\000n\000u\000\040\000C\000l\000a\000s\000s\000\040\000R\000e\000f\000e\000r\000e\000n\000c\000e}{chapter.5}% 56
\BOOKMARK [1][-]{section.5.17}{\376\377\0005\000.\0001\0007\000\040\000P\000l\000a\000y\000e\000r\000\040\000C\000l\000a\000s\000s\000\040\000R\000e\000f\000e\000r\000e\000n\000c\000e}{chapter.5}% 57
\BOOKMARK [2][-]{subsection.5.17.1}{\376\377\0005\000.\0001\0007\000.\0001\000\040\000M\000e\000m\000b\000e\000r\000\040\000F\000u\000n\000c\000t\000i\000o\000n\000\040\000D\000o\000c\000u\000m\000e\000n\000t\000a\000t\000i\000o\000n}{section.5.17}% 58
\BOOKMARK [3][-]{subsubsection.5.17.1.1}{\376\377\0005\000.\0001\0007\000.\0001\000.\0001\000\040\000T\000a\000k\000e\000D\000a\000m\000a\000g\000e\000\050\000\051}{subsection.5.17.1}% 59
\BOOKMARK [1][-]{section.5.18}{\376\377\0005\000.\0001\0008\000\040\000P\000l\000a\000y\000e\000r\000I\000n\000p\000u\000t\000F\000i\000e\000l\000d\000\040\000C\000l\000a\000s\000s\000\040\000R\000e\000f\000e\000r\000e\000n\000c\000e}{chapter.5}% 60
\BOOKMARK [2][-]{subsection.5.18.1}{\376\377\0005\000.\0001\0008\000.\0001\000\040\000M\000e\000m\000b\000e\000r\000\040\000F\000u\000n\000c\000t\000i\000o\000n\000\040\000D\000o\000c\000u\000m\000e\000n\000t\000a\000t\000i\000o\000n}{section.5.18}% 61
\BOOKMARK [3][-]{subsubsection.5.18.1.1}{\376\377\0005\000.\0001\0008\000.\0001\000.\0001\000\040\000A\000d\000d\000T\000e\000x\000t\000T\000o\000L\000a\000b\000e\000l\000\050\000\051}{subsection.5.18.1}% 62
\BOOKMARK [1][-]{section.5.19}{\376\377\0005\000.\0001\0009\000\040\000P\000l\000a\000y\000e\000r\000T\000e\000x\000t\000u\000r\000e\000\040\000C\000l\000a\000s\000s\000\040\000R\000e\000f\000e\000r\000e\000n\000c\000e}{chapter.5}% 63
\BOOKMARK [2][-]{subsection.5.19.1}{\376\377\0005\000.\0001\0009\000.\0001\000\040\000M\000e\000m\000b\000e\000r\000\040\000F\000u\000n\000c\000t\000i\000o\000n\000\040\000D\000o\000c\000u\000m\000e\000n\000t\000a\000t\000i\000o\000n}{section.5.19}% 64
\BOOKMARK [3][-]{subsubsection.5.19.1.1}{\376\377\0005\000.\0001\0009\000.\0001\000.\0001\000\040\000S\000e\000t\000P\000l\000a\000y\000e\000r\000T\000e\000x\000t\000u\000r\000e\000\050\000\051}{subsection.5.19.1}% 65
\BOOKMARK [1][-]{section.5.20}{\376\377\0005\000.\0002\0000\000\040\000C\000l\000a\000s\000s\000e\000s\000A\000n\000d\000E\000n\000u\000m\000s\000.\000S\000p\000a\000w\000n\000P\000o\000s\000i\000t\000i\000o\000n\000\040\000C\000l\000a\000s\000s\000\040\000R\000e\000f\000e\000r\000e\000n\000c\000e}{chapter.5}% 66
\BOOKMARK [1][-]{section.5.21}{\376\377\0005\000.\0002\0001\000\040\000S\000t\000a\000f\000f\000\040\000C\000l\000a\000s\000s\000\040\000R\000e\000f\000e\000r\000e\000n\000c\000e}{chapter.5}% 67
\BOOKMARK [2][-]{subsection.5.21.1}{\376\377\0005\000.\0002\0001\000.\0001\000\040\000M\000e\000m\000b\000e\000r\000\040\000F\000u\000n\000c\000t\000i\000o\000n\000\040\000D\000o\000c\000u\000m\000e\000n\000t\000a\000t\000i\000o\000n}{section.5.21}% 68
\BOOKMARK [3][-]{subsubsection.5.21.1.1}{\376\377\0005\000.\0002\0001\000.\0001\000.\0001\000\040\000\137\000I\000n\000p\000u\000t\000\050\000\051}{subsection.5.21.1}% 69
\BOOKMARK [1][-]{section.5.22}{\376\377\0005\000.\0002\0002\000\040\000D\000u\000n\000g\000e\000o\000n\000.\000W\000a\000l\000k\000e\000r\000.\000W\000a\000l\000k\000e\000r\000\040\000C\000l\000a\000s\000s\000\040\000R\000e\000f\000e\000r\000e\000n\000c\000e}{chapter.5}% 70
\BOOKMARK [2][-]{subsection.5.22.1}{\376\377\0005\000.\0002\0002\000.\0001\000\040\000C\000o\000n\000s\000t\000r\000u\000c\000t\000o\000r\000\040\000\046\000\040\000D\000e\000s\000t\000r\000u\000c\000t\000o\000r\000\040\000D\000o\000c\000u\000m\000e\000n\000t\000a\000t\000i\000o\000n}{section.5.22}% 71
\BOOKMARK [3][-]{subsubsection.5.22.1.1}{\376\377\0005\000.\0002\0002\000.\0001\000.\0001\000\040\000W\000a\000l\000k\000e\000r\000\050\000\051}{subsection.5.22.1}% 72
\BOOKMARK [2][-]{subsection.5.22.2}{\376\377\0005\000.\0002\0002\000.\0002\000\040\000M\000e\000m\000b\000e\000r\000\040\000F\000u\000n\000c\000t\000i\000o\000n\000\040\000D\000o\000c\000u\000m\000e\000n\000t\000a\000t\000i\000o\000n}{section.5.22}% 73
\BOOKMARK [3][-]{subsubsection.5.22.2.1}{\376\377\0005\000.\0002\0002\000.\0002\000.\0001\000\040\000S\000h\000u\000f\000f\000l\000e\000<\000\040\000T\000\040\000>\000\050\000\051}{subsection.5.22.2}% 74
\BOOKMARK [3][-]{subsubsection.5.22.2.2}{\376\377\0005\000.\0002\0002\000.\0002\000.\0002\000\040\000s\000t\000e\000p\000\050\000\051}{subsection.5.22.2}% 75
\BOOKMARK [3][-]{subsubsection.5.22.2.3}{\376\377\0005\000.\0002\0002\000.\0002\000.\0003\000\040\000w\000a\000l\000k\000\050\000\051}{subsection.5.22.2}% 76
\BOOKMARK [1][-]{section.5.23}{\376\377\0005\000.\0002\0003\000\040\000W\000a\000l\000l\000\040\000C\000l\000a\000s\000s\000\040\000R\000e\000f\000e\000r\000e\000n\000c\000e}{chapter.5}% 77
\BOOKMARK [1][-]{section.5.24}{\376\377\0005\000.\0002\0004\000\040\000D\000u\000n\000g\000e\000o\000n\000.\000G\000e\000n\000e\000r\000a\000t\000o\000r\000.\000W\000o\000r\000l\000d\000\040\000C\000l\000a\000s\000s\000\040\000R\000e\000f\000e\000r\000e\000n\000c\000e}{chapter.5}% 78
\BOOKMARK [2][-]{subsection.5.24.1}{\376\377\0005\000.\0002\0004\000.\0001\000\040\000M\000e\000m\000b\000e\000r\000\040\000F\000u\000n\000c\000t\000i\000o\000n\000\040\000D\000o\000c\000u\000m\000e\000n\000t\000a\000t\000i\000o\000n}{section.5.24}% 79
\BOOKMARK [3][-]{subsubsection.5.24.1.1}{\376\377\0005\000.\0002\0004\000.\0001\000.\0001\000\040\000G\000e\000t\000S\000t\000a\000t\000u\000s\000\050\000\051}{subsection.5.24.1}% 80
\BOOKMARK [0][-]{section*.55}{\376\377\000I\000n\000d\000e\000x}{}% 81
